\BOOKMARK [-1][]{part.1}{I Dasar}{}% 1
\BOOKMARK [0][]{chapter.1}{1 Mukadimah}{part.1}% 2
\BOOKMARK [1][-]{section.1.1}{1.1 Pengenalan Bahasa C++}{chapter.1}% 3
\BOOKMARK [1][-]{section.1.2}{1.2 Pengantar Qt Creator}{chapter.1}% 4
\BOOKMARK [2][-]{subsection.1.2.1}{1.2.1 UI Designer}{section.1.2}% 5
\BOOKMARK [2][-]{subsection.1.2.2}{1.2.2 Bahasa yang di dukung}{section.1.2}% 6
\BOOKMARK [2][-]{subsection.1.2.3}{1.2.3 Platform}{section.1.2}% 7
\BOOKMARK [2][-]{subsection.1.2.4}{1.2.4 Tools}{section.1.2}% 8
\BOOKMARK [2][-]{subsection.1.2.5}{1.2.5 Debuggers}{section.1.2}% 9
\BOOKMARK [1][-]{section.1.3}{1.3 Mengenal macam - macam Teknologi User Interface \(UI\) pada QT}{chapter.1}% 10
\BOOKMARK [2][-]{subsection.1.3.1}{1.3.1 Teknologi User Interface QtQuick}{section.1.3}% 11
\BOOKMARK [2][-]{subsection.1.3.2}{1.3.2 Teknologi User Interface QtWidget}{section.1.3}% 12
\BOOKMARK [2][-]{subsection.1.3.3}{1.3.3 Teknologi User Interface QtWebkit}{section.1.3}% 13
\BOOKMARK [1][-]{section.1.4}{1.4 \040Install Qt Creator}{chapter.1}% 14
\BOOKMARK [2][-]{subsection.1.4.1}{1.4.1 Install Qt Creator di Ubuntu 14.04}{section.1.4}% 15
\BOOKMARK [2][-]{subsection.1.4.2}{1.4.2 Install Qt di Windows}{section.1.4}% 16
\BOOKMARK [1][-]{section.1.5}{1.5 Program Console Pertama dengan Qt Creator}{chapter.1}% 17
\BOOKMARK [2][-]{subsection.1.5.1}{1.5.1 Struktur Program C++}{section.1.5}% 18
\BOOKMARK [0][]{chapter.2}{2 Tipe Data, Identifier, Operator dan Control Statement}{part.1}% 19
\BOOKMARK [1][-]{section.2.1}{2.1 Tipe Data dan Identifier}{chapter.2}% 20
\BOOKMARK [1][-]{section.2.2}{2.2 Tipe Data Bahasa C++}{chapter.2}% 21
\BOOKMARK [1][-]{section.2.3}{2.3 Variabel dan Konstanta}{chapter.2}% 22
\BOOKMARK [1][-]{section.2.4}{2.4 Statement}{chapter.2}% 23
\BOOKMARK [1][-]{section.2.5}{2.5 Operator dan Ekspresi}{chapter.2}% 24
\BOOKMARK [2][-]{subsection.2.5.1}{2.5.1 \040Operator Unary}{section.2.5}% 25
\BOOKMARK [2][-]{subsection.2.5.2}{2.5.2 Operator Unary Minus}{section.2.5}% 26
\BOOKMARK [2][-]{subsection.2.5.3}{2.5.3 Operator Unary ++ dan \205}{section.2.5}% 27
\BOOKMARK [2][-]{subsection.2.5.4}{2.5.4 Operator Pengerjaan}{section.2.5}% 28
\BOOKMARK [2][-]{subsection.2.5.5}{2.5.5 Operator Hubungan}{section.2.5}% 29
\BOOKMARK [2][-]{subsection.2.5.6}{2.5.6 Operator Logika}{section.2.5}% 30
\BOOKMARK [1][-]{section.2.6}{2.6 Control Statement}{chapter.2}% 31
\BOOKMARK [2][-]{subsection.2.6.1}{2.6.1 Percabangan}{section.2.6}% 32
\BOOKMARK [2][-]{subsection.2.6.2}{2.6.2 Perulangan}{section.2.6}% 33
\BOOKMARK [0][]{chapter.3}{3 Array dan String}{part.1}% 34
\BOOKMARK [1][-]{section.3.1}{3.1 \040Array}{chapter.3}% 35
\BOOKMARK [2][-]{subsection.3.1.1}{3.1.1 Array 1 Dimensi}{section.3.1}% 36
\BOOKMARK [2][-]{subsection.3.1.2}{3.1.2 Inisialisasi Array Satu Dimensi}{section.3.1}% 37
\BOOKMARK [2][-]{subsection.3.1.3}{3.1.3 Pengalamatan dan Pengkopian Array 1 Dimensi}{section.3.1}% 38
\BOOKMARK [2][-]{subsection.3.1.4}{3.1.4 Array Multi Dimensi}{section.3.1}% 39
\BOOKMARK [2][-]{subsection.3.1.5}{3.1.5 Cara Pengaksesan Array dapat dilakukan dengan 2 cara:}{section.3.1}% 40
\BOOKMARK [1][-]{section.3.2}{3.2 String}{chapter.3}% 41
\BOOKMARK [2][-]{subsection.3.2.1}{3.2.1 Array of Character}{section.3.2}% 42
\BOOKMARK [1][-]{section.3.3}{3.3 Fungsi-fungsi String}{chapter.3}% 43
\BOOKMARK [2][-]{subsection.3.3.1}{3.3.1 strcpy\(\) dan strncpy\(\)}{section.3.3}% 44
\BOOKMARK [2][-]{subsection.3.3.2}{3.3.2 strcat\(\)}{section.3.3}% 45
\BOOKMARK [2][-]{subsection.3.3.3}{3.3.3 Fungsi mengubah string menjadi numerik dan sebaliknya}{section.3.3}% 46
\BOOKMARK [2][-]{subsection.3.3.4}{3.3.4 Class string pada C++}{section.3.3}% 47
\BOOKMARK [0][]{chapter.4}{4 Fungsi}{part.1}% 48
\BOOKMARK [1][-]{section.4.1}{4.1 Konsep Dasar Fungsi}{chapter.4}% 49
\BOOKMARK [1][-]{section.4.2}{4.2 Mendefinisikan Fungsi}{chapter.4}% 50
\BOOKMARK [1][-]{section.4.3}{4.3 Deklarasi Fungsi \(Prototype\)}{chapter.4}% 51
\BOOKMARK [1][-]{section.4.4}{4.4 Hasil Balik Fungsi}{chapter.4}% 52
\BOOKMARK [1][-]{section.4.5}{4.5 Ruang Lingkup Variabel}{chapter.4}% 53
\BOOKMARK [2][-]{subsection.4.5.1}{4.5.1 Variable Lokal}{section.4.5}% 54
\BOOKMARK [2][-]{subsection.4.5.2}{4.5.2 Variable Global}{section.4.5}% 55
\BOOKMARK [2][-]{subsection.4.5.3}{4.5.3 \040Variabel statik}{section.4.5}% 56
\BOOKMARK [1][-]{section.4.6}{4.6 Pengiriman Parameter}{chapter.4}% 57
\BOOKMARK [1][-]{section.4.7}{4.7 Parameter Default}{chapter.4}% 58
\BOOKMARK [0][]{chapter.5}{5 Pointer dan References}{part.1}% 59
\BOOKMARK [1][-]{section.5.1}{5.1 Apa itu Pointer?}{chapter.5}% 60
\BOOKMARK [1][-]{section.5.2}{5.2 Memory Komputer}{chapter.5}% 61
\BOOKMARK [2][-]{subsection.5.2.1}{5.2.1 Mengambil Alamat Memory dari Variabel}{section.5.2}% 62
\BOOKMARK [2][-]{subsection.5.2.2}{5.2.2 Menyimpan Alamat Variabel pada Pointer}{section.5.2}% 63
\BOOKMARK [2][-]{subsection.5.2.3}{5.2.3 Memberi Nama Pointer}{section.5.2}% 64
\BOOKMARK [2][-]{subsection.5.2.4}{5.2.4 Mengambil Nilai dari Variabel}{section.5.2}% 65
\BOOKMARK [2][-]{subsection.5.2.5}{5.2.5 Mengganti alamat yang direferensi oleh Pointer}{section.5.2}% 66
\BOOKMARK [1][-]{section.5.3}{5.3 Pointer dan Array}{chapter.5}% 67
\BOOKMARK [2][-]{subsection.5.3.1}{5.3.1 Kapan kita menggunakan pointer?}{section.5.3}% 68
\BOOKMARK [2][-]{subsection.5.3.2}{5.3.2 Membuat objek pada heap}{section.5.3}% 69
\BOOKMARK [2][-]{subsection.5.3.3}{5.3.3 Menggunakan const Pointer}{section.5.3}% 70
\BOOKMARK [1][-]{section.5.4}{5.4 Apa itu Reference}{chapter.5}% 71
\BOOKMARK [2][-]{subsection.5.4.1}{5.4.1 Re-assign Reference Variable}{section.5.4}% 72
\BOOKMARK [2][-]{subsection.5.4.2}{5.4.2 Passing function argument dengan reference}{section.5.4}% 73
\BOOKMARK [2][-]{subsection.5.4.3}{5.4.3 Function yang mengembalikan beberapa nilai}{section.5.4}% 74
\BOOKMARK [2][-]{subsection.5.4.4}{5.4.4 Passing By Reference untuk Efisiensi}{section.5.4}% 75
\BOOKMARK [-1][]{part.2}{II Objek Oriented Programming \(OOP\)}{}% 76
\BOOKMARK [0][]{chapter.6}{6 Class dan Object}{part.2}% 77
\BOOKMARK [1][-]{section.6.1}{6.1 Pemrograman Berorientasi Obyek}{chapter.6}% 78
\BOOKMARK [1][-]{section.6.2}{6.2 Kelas}{chapter.6}% 79
\BOOKMARK [1][-]{section.6.3}{6.3 Object}{chapter.6}% 80
\BOOKMARK [1][-]{section.6.4}{6.4 Class dan Object}{chapter.6}% 81
\BOOKMARK [1][-]{section.6.5}{6.5 Pembuatan Class pada C++}{chapter.6}% 82
\BOOKMARK [1][-]{section.6.6}{6.6 Mendefinisikan Obyek}{chapter.6}% 83
\BOOKMARK [1][-]{section.6.7}{6.7 Mengakses Member Variabel}{chapter.6}% 84
\BOOKMARK [1][-]{section.6.8}{6.8 Mengakses Member Function/Method}{chapter.6}% 85
\BOOKMARK [1][-]{section.6.9}{6.9 Hak Akses Member Variabel dan Method Variabel}{chapter.6}% 86
\BOOKMARK [1][-]{section.6.10}{6.10 Member Function / Member Method}{chapter.6}% 87
\BOOKMARK [1][-]{section.6.11}{6.11 Accessor dan Mutator Method}{chapter.6}% 88
\BOOKMARK [2][-]{subsection.6.11.1}{6.11.1 Accessor method}{section.6.11}% 89
\BOOKMARK [2][-]{subsection.6.11.2}{6.11.2 Mutator method}{section.6.11}% 90
\BOOKMARK [1][-]{section.6.12}{6.12 Constructor dan Destructor}{chapter.6}% 91
\BOOKMARK [2][-]{subsection.6.12.1}{6.12.1 Default Constructor}{section.6.12}% 92
\BOOKMARK [2][-]{subsection.6.12.2}{6.12.2 Constructor Dengan nilai Default}{section.6.12}% 93
\BOOKMARK [2][-]{subsection.6.12.3}{6.12.3 const member method}{section.6.12}% 94
\BOOKMARK [1][-]{section.6.13}{6.13 Mendefinisikan Method Member}{chapter.6}% 95
\BOOKMARK [1][-]{section.6.14}{6.14 Class yang bertipe Class lain}{chapter.6}% 96
\BOOKMARK [0][]{chapter.7}{7 Inheritance}{part.2}% 97
\BOOKMARK [1][-]{section.7.1}{7.1 Pewarisan \(Inheritance\)}{chapter.7}% 98
\BOOKMARK [1][-]{section.7.2}{7.2 Penulisan Penurunan}{chapter.7}% 99
\BOOKMARK [1][-]{section.7.3}{7.3 Jenis Akses Penurunan Kelas}{chapter.7}% 100
\BOOKMARK [1][-]{section.7.4}{7.4 Warisan}{chapter.7}% 101
\BOOKMARK [2][-]{subsection.7.4.1}{7.4.1 Tiap Kelas Mempunyai Konstruktor}{section.7.4}% 102
\BOOKMARK [2][-]{subsection.7.4.2}{7.4.2 Konstruktor Kelas Turunan Pasti Memanggil Konstruktor Kelas Dasar}{section.7.4}% 103
\BOOKMARK [1][-]{section.7.5}{7.5 Mengganti Metode Kelas Dasar Pada Kelas Turunan \(Overriding\)}{chapter.7}% 104
\BOOKMARK [1][-]{section.7.6}{7.6 Memanggil Metode Kelas Dasar}{chapter.7}% 105
\BOOKMARK [1][-]{section.7.7}{7.7 Penyembunyian Metode Kelas Dasar}{chapter.7}% 106
\BOOKMARK [1][-]{section.7.8}{7.8 Metode Virtual}{chapter.7}% 107
\BOOKMARK [1][-]{section.7.9}{7.9 Pemotongan \(Slicing\)}{chapter.7}% 108
\BOOKMARK [1][-]{section.7.10}{7.10 Memakai static\137cast}{chapter.7}% 109
\BOOKMARK [0][]{chapter.8}{8 Operator Types dan Operator Overloading}{part.2}% 110
\BOOKMARK [1][-]{section.8.1}{8.1 Operator pada C++}{chapter.8}% 111
\BOOKMARK [2][-]{subsection.8.1.1}{8.1.1 Unary Operator}{section.8.1}% 112
\BOOKMARK [2][-]{subsection.8.1.2}{8.1.2 Conversion Operator}{section.8.1}% 113
\BOOKMARK [2][-]{subsection.8.1.3}{8.1.3 Binary Operator}{section.8.1}% 114
\BOOKMARK [1][-]{section.8.2}{8.2 Addition-Assignment Operator}{chapter.8}% 115
\BOOKMARK [1][-]{section.8.3}{8.3 Comparison Operator}{chapter.8}% 116
\BOOKMARK [1][-]{section.8.4}{8.4 Overloading Operator <, >, <=, >=}{chapter.8}% 117
\BOOKMARK [1][-]{section.8.5}{8.5 Subscript Operator}{chapter.8}% 118
\BOOKMARK [1][-]{section.8.6}{8.6 Function operator\(\)}{chapter.8}% 119
\BOOKMARK [0][]{chapter.9}{9 Polymorphism}{part.2}% 120
\BOOKMARK [1][-]{section.9.1}{9.1 Problema Pewarisan Tunggal \(Single Inheritance\)}{chapter.9}% 121
\BOOKMARK [1][-]{section.9.2}{9.2 Peletakan ke atas \(Pecolating Upward\)}{chapter.9}% 122
\BOOKMARK [1][-]{section.9.3}{9.3 Konversi ke bawah \(Casting Down\)}{chapter.9}% 123
\BOOKMARK [1][-]{section.9.4}{9.4 Menambahkan ke Dua Daftar}{chapter.9}% 124
\BOOKMARK [1][-]{section.9.5}{9.5 Pewarisan Ganda \(Multiple Inheritance\)}{chapter.9}% 125
\BOOKMARK [1][-]{section.9.6}{9.6 Komponen Objek Multi Inheritance}{chapter.9}% 126
\BOOKMARK [1][-]{section.9.7}{9.7 Konstruktor Kelas Banyak Turunan \(Multiple Inheritance\)}{chapter.9}% 127
\BOOKMARK [1][-]{section.9.8}{9.8 Problem Ambiguitas}{chapter.9}% 128
\BOOKMARK [1][-]{section.9.9}{9.9 Penurunan dari Kelas Dasar Bersama}{chapter.9}% 129
\BOOKMARK [1][-]{section.9.10}{9.10 Penurunan Virtual \(Virtual Inheritance\)}{chapter.9}% 130
\BOOKMARK [1][-]{section.9.11}{9.11 Masalah Pada Multiple Inheritance}{chapter.9}% 131
\BOOKMARK [0][]{chapter.10}{10 Casting dan Database}{part.2}% 132
\BOOKMARK [1][-]{section.10.1}{10.1 Mengenal Casting}{chapter.10}% 133
\BOOKMARK [1][-]{section.10.2}{10.2 Data Type Casting \(Conversion\)}{chapter.10}% 134
\BOOKMARK [2][-]{subsection.10.2.1}{10.2.1 Implicit conversion}{section.10.2}% 135
\BOOKMARK [2][-]{subsection.10.2.2}{10.2.2 Explicit conversion}{section.10.2}% 136
\BOOKMARK [1][-]{section.10.3}{10.3 Casting Operator pada C++}{chapter.10}% 137
\BOOKMARK [2][-]{subsection.10.3.1}{10.3.1 Pengunaan static\137cast}{section.10.3}% 138
\BOOKMARK [2][-]{subsection.10.3.2}{10.3.2 Penggunaan dynamic\137cast}{section.10.3}% 139
\BOOKMARK [2][-]{subsection.10.3.3}{10.3.3 Penggunaan reinterpret\137cast}{section.10.3}% 140
\BOOKMARK [2][-]{subsection.10.3.4}{10.3.4 Penggunaan const\137cast}{section.10.3}% 141
\BOOKMARK [1][-]{section.10.4}{10.4 Pemrograman Basisdata dengan QtConsole Application}{chapter.10}% 142
\BOOKMARK [2][-]{subsection.10.4.1}{10.4.1 Koneksi Qt dengan Basisdata}{section.10.4}% 143
\BOOKMARK [2][-]{subsection.10.4.2}{10.4.2 Koneksi Qt dengan MySQL dan menampilkan datanya}{section.10.4}% 144
\BOOKMARK [2][-]{subsection.10.4.3}{10.4.3 Koneksi Qt dengan SQLite}{section.10.4}% 145
\BOOKMARK [2][-]{subsection.10.4.4}{10.4.4 Menambah data pada tabel SQLITE}{section.10.4}% 146
\BOOKMARK [2][-]{subsection.10.4.5}{10.4.5 Mengedit data pada tabel SQLITE}{section.10.4}% 147
\BOOKMARK [2][-]{subsection.10.4.6}{10.4.6 Menghapus data pada tabel SQLITE}{section.10.4}% 148
\BOOKMARK [-1][]{part.3}{III Interface}{}% 149
\BOOKMARK [-1][]{part.4}{IV Widget}{}% 150
\BOOKMARK [0][]{chapter.11}{11 File, Stream, dan XML}{part.4}% 151
\BOOKMARK [1][-]{section.11.1}{11.1 Bekerja dengan Paths}{chapter.11}% 152
\BOOKMARK [1][-]{section.11.2}{11.2 Bekerja dengan Files}{chapter.11}% 153
\BOOKMARK [1][-]{section.11.3}{11.3 Bekerja dengan Stream}{chapter.11}% 154
\BOOKMARK [2][-]{subsection.11.3.1}{11.3.1 Text Stream}{section.11.3}% 155
\BOOKMARK [2][-]{subsection.11.3.2}{11.3.2 Data Stream}{section.11.3}% 156
\BOOKMARK [1][-]{section.11.4}{11.4 XML}{chapter.11}% 157
\BOOKMARK [1][-]{section.11.5}{11.5 DOM}{chapter.11}% 158
\BOOKMARK [2][-]{subsection.11.5.1}{11.5.1 Membuat File XML}{section.11.5}% 159
\BOOKMARK [2][-]{subsection.11.5.2}{11.5.2 Membaca XML file}{section.11.5}% 160
\BOOKMARK [2][-]{subsection.11.5.3}{11.5.3 Memodifikasi File XML}{section.11.5}% 161
\BOOKMARK [1][-]{section.11.6}{11.6 QXMLStream Reader}{chapter.11}% 162
\BOOKMARK [0][]{chapter.12}{12 Qt Webkit}{part.4}% 163
\BOOKMARK [1][-]{section.12.1}{12.1 Qt Webkit}{chapter.12}% 164
\BOOKMARK [1][-]{section.12.2}{12.2 My Web Browser version 1}{chapter.12}% 165
\BOOKMARK [1][-]{section.12.3}{12.3 My Web Browser version 2}{chapter.12}% 166
\BOOKMARK [2][-]{subsection.12.3.1}{12.3.1 Starting the Project}{section.12.3}% 167
\BOOKMARK [2][-]{subsection.12.3.2}{12.3.2 Working on UI}{section.12.3}% 168
\BOOKMARK [1][-]{section.12.4}{12.4 Writing Code for the Slots}{chapter.12}% 169
\BOOKMARK [2][-]{subsection.12.4.1}{12.4.1 Running the Code}{section.12.4}% 170
\BOOKMARK [2][-]{subsection.12.4.2}{12.4.2 Source Code}{section.12.4}% 171
\BOOKMARK [-1][]{part.5}{V Library}{}% 172
\BOOKMARK [0][]{chapter.13}{13 Library}{part.5}% 173
\BOOKMARK [1][-]{section.13.1}{13.1 Qt Library}{chapter.13}% 174
\BOOKMARK [1][-]{section.13.2}{13.2 Menurunkan objek dari class QObject}{chapter.13}% 175
\BOOKMARK [1][-]{section.13.3}{13.3 Automatic Memory Management dengan QObject}{chapter.13}% 176
\BOOKMARK [1][-]{section.13.4}{13.4 Menggunakan Qt String}{chapter.13}% 177
\BOOKMARK [1][-]{section.13.5}{13.5 Collection dan Iterator}{chapter.13}% 178
\BOOKMARK [2][-]{subsection.13.5.1}{13.5.1 Menggunakan QList}{section.13.5}% 179
\BOOKMARK [1][-]{section.13.6}{13.6 Menambahkan Data pada List}{chapter.13}% 180
\BOOKMARK [1][-]{section.13.7}{13.7 Tipe List yang Lain}{chapter.13}% 181
\BOOKMARK [1][-]{section.13.8}{13.8 Special List}{chapter.13}% 182
\BOOKMARK [1][-]{section.13.9}{13.9 Stack dan Queue}{chapter.13}% 183
\BOOKMARK [1][-]{section.13.10}{13.10 Mapping}{chapter.13}% 184
